<?xml version="1.0" encoding="UTF-8"?>
<testsuite name="java.lang.Object" tests="2" skipped="0" failures="0" errors="0" timestamp="2016-11-18T18:02:04" hostname="BAHCND5292F7T" time="0.433">
  <properties/>
  <testcase name="BeforeStories" classname="java.lang.Object" time="0.009"/>
  <testcase name="AfterStories" classname="java.lang.Object" time="0.003"/>
  <system-out><![CDATA[
(BeforeStories)

(AfterStories)
]]></system-out>
  <system-err><![CDATA[]]></system-err>
</testsuite>
